This file contains any messages produced by compilers while
running configure, to aid debugging if configure makes a mistake.

It was created by configure, which was
generated by GNU Autoconf 2.53.  Invocation command line was

  $ /home/ab/kerp/configure --with-qt-dir=/usr/local/qt --prefix=/opt/KDE

## --------- ##
## Platform. ##
## --------- ##

hostname = gorg
uname -m = i686
uname -r = 2.4.18-bf2.4
uname -s = Linux
uname -v = #1 Son Apr 14 09:53:28 CEST 2002

/usr/bin/uname -p = unknown
/bin/uname -X     = unknown

/bin/arch              = i686
/usr/bin/arch -k       = unknown
/usr/convex/getsysinfo = unknown
hostinfo               = unknown
/bin/machine           = unknown
/usr/bin/oslevel       = unknown
/bin/universe          = unknown

PATH: /bin
PATH: /opt/KDE/bin
PATH: /opt/KDE/bin
PATH: //home/ab/OraHome1/bin
PATH: /usr/local/bin
PATH: /usr/bin
PATH: /bin
PATH: /usr/bin/X11
PATH: /usr/games
PATH: /usr/local/java/j2sdk1.4.0/bin
PATH: /usr/local/java/j2sdkee1.3.1/bin
PATH: /usr/local/jboss-3.0.4/bin
PATH: /usr/local/jakarta-ant-1.5/bin
PATH: /usr/local/java/j2sdk1.4.0/bin
PATH: /usr/local/jakarta-ant-1.5/bin
PATH: /usr/local/java/j2sdkee1.3.1/bin
PATH: /usr/local/jboss-3.0.4/bin


## ----------- ##
## Core tests. ##
## ----------- ##

configure:1434: checking build system type
configure:1452: result: i686-pc-linux-gnu
configure:1460: checking host system type
configure:1474: result: i686-pc-linux-gnu
configure:1482: checking target system type
configure:1496: result: i686-pc-linux-gnu
configure:1542: checking for a BSD-compatible install
configure:1596: result: /usr/bin/install -c
configure:1611: checking for -p flag to install
configure:1624: result: yes
configure:1635: checking whether build environment is sane
configure:1678: result: yes
configure:1698: checking for gawk
configure:1727: result: no
configure:1698: checking for mawk
configure:1714: found /usr/bin/mawk
configure:1724: result: mawk
configure:1734: checking whether make sets ${MAKE}
configure:1754: result: yes
configure:1960: checking for style of include used by make
configure:1988: result: GNU
configure:2135: checking for gcc
configure:2151: found /usr/bin/gcc
configure:2161: result: gcc
configure:2405: checking for C compiler version
configure:2408: gcc --version </dev/null >&5
2.95.4
configure:2411: $? = 0
configure:2413: gcc -v </dev/null >&5
Reading specs from /usr/lib/gcc-lib/i386-linux/2.95.4/specs
gcc version 2.95.4 20011002 (Debian prerelease)
configure:2416: $? = 0
configure:2418: gcc -V </dev/null >&5
gcc: argument to `-V' is missing
configure:2421: $? = 1
configure:2447: checking for C compiler default output
configure:2450: gcc     conftest.c  >&5
configure:2453: $? = 0
configure:2486: result: a.out
configure:2491: checking whether the C compiler works
configure:2497: ./a.out
configure:2500: $? = 0
configure:2515: result: yes
configure:2522: checking whether we are cross compiling
configure:2524: result: no
configure:2527: checking for suffix of executables
configure:2529: gcc -o conftest     conftest.c  >&5
configure:2532: $? = 0
configure:2554: result: 
configure:2560: checking for suffix of object files
configure:2584: gcc -c    conftest.c >&5
configure:2587: $? = 0
configure:2606: result: o
configure:2610: checking whether we are using the GNU C compiler
configure:2637: gcc -c    conftest.c >&5
configure:2640: $? = 0
configure:2643: test -s conftest.o
configure:2646: $? = 0
configure:2658: result: yes
configure:2664: checking whether gcc accepts -g
configure:2688: gcc -c -g  conftest.c >&5
configure:2691: $? = 0
configure:2694: test -s conftest.o
configure:2697: $? = 0
configure:2707: result: yes
configure:2734: gcc -c    conftest.c >&5
conftest.c:2: parse error before `me'
configure:2737: $? = 1
configure: failed program was:
#ifndef __cplusplus
  choke me
#endif
configure:2849: checking dependency style of gcc
configure:2911: result: gcc
configure:2922: checking how to run the C preprocessor
configure:2948: gcc -E  conftest.c
configure:2954: $? = 0
configure:2981: gcc -E  conftest.c
configure:2977: ac_nonexistent.h: No such file or directory
configure:2987: $? = 1
configure: failed program was:
#line 2976 "configure"
#include "confdefs.h"
#include <ac_nonexistent.h>
configure:3024: result: gcc -E
configure:3039: gcc -E  conftest.c
configure:3045: $? = 0
configure:3072: gcc -E  conftest.c
configure:3068: ac_nonexistent.h: No such file or directory
configure:3078: $? = 1
configure: failed program was:
#line 3067 "configure"
#include "confdefs.h"
#include <ac_nonexistent.h>
configure:3198: checking for g++
configure:3214: found /usr/bin/g++
configure:3224: result: g++
configure:3240: checking for C++ compiler version
configure:3243: g++ --version </dev/null >&5
2.95.4
configure:3246: $? = 0
configure:3248: g++ -v </dev/null >&5
Reading specs from /usr/lib/gcc-lib/i386-linux/2.95.4/specs
gcc version 2.95.4 20011002 (Debian prerelease)
configure:3251: $? = 0
configure:3253: g++ -V </dev/null >&5
g++: argument to `-V' missing

configure:3256: $? = 1
configure:3259: checking whether we are using the GNU C++ compiler
configure:3286: g++ -c    conftest.cc >&5
configure:3289: $? = 0
configure:3292: test -s conftest.o
configure:3295: $? = 0
configure:3307: result: yes
configure:3313: checking whether g++ accepts -g
configure:3337: g++ -c -g  conftest.cc >&5
configure:3340: $? = 0
configure:3343: test -s conftest.o
configure:3346: $? = 0
configure:3356: result: yes
configure:3402: g++ -c    conftest.cc >&5
configure:3405: $? = 0
configure:3408: test -s conftest.o
configure:3411: $? = 0
configure:3439: g++ -c    conftest.cc >&5
configure:3442: $? = 0
configure:3445: test -s conftest.o
configure:3448: $? = 0
configure:3472: checking dependency style of g++
configure:3534: result: gcc
configure:3818: checking whether g++ supports -Wmissing-format-attribute
configure:3857: rm -rf SunWS_cache; g++ -o conftest -ansi -D_XOPEN_SOURCE=500 -D_BSD_SOURCE -Wcast-align -Wconversion -Wchar-subscripts -O2   -Wmissing-format-attribute   conftest.cc  1>&5
cc1plus: Invalid option `-Wmissing-format-attribute'
configure:3860: $? = 1
configure: failed program was:
#line 3838 "configure"
#include "confdefs.h"

#ifdef F77_DUMMY_MAIN
#  ifdef __cplusplus
     extern "C"
#  endif
   int F77_DUMMY_MAIN() { return 1; }
#endif
int
main ()
{
 return 0;
  ;
  return 0;
}
configure:3890: result: no
configure:3900: checking whether g++ supports -Wundef
configure:3939: rm -rf SunWS_cache; g++ -o conftest -Wall -pedantic -W -Wpointer-arith -Wmissing-prototypes -Wwrite-strings -ansi -D_XOPEN_SOURCE=500 -D_BSD_SOURCE -Wcast-align -Wconversion -Wchar-subscripts -O2   -Wundef   conftest.cc  1>&5
configure:3942: $? = 0
configure:3945: test -s conftest
configure:3948: $? = 0
configure:3967: result: yes
configure:3979: checking whether g++ supports -Wno-long-long
configure:4018: rm -rf SunWS_cache; g++ -o conftest -Wundef -Wall -pedantic -W -Wpointer-arith -Wmissing-prototypes -Wwrite-strings -ansi -D_XOPEN_SOURCE=500 -D_BSD_SOURCE -Wcast-align -Wconversion -Wchar-subscripts -O2   -Wno-long-long   conftest.cc  1>&5
configure:4021: $? = 0
configure:4024: test -s conftest
configure:4027: $? = 0
configure:4046: result: yes
configure:4058: checking whether g++ supports -Wnon-virtual-dtor
configure:4097: rm -rf SunWS_cache; g++ -o conftest -Wno-long-long -Wundef -Wall -pedantic -W -Wpointer-arith -Wmissing-prototypes -Wwrite-strings -ansi -D_XOPEN_SOURCE=500 -D_BSD_SOURCE -Wcast-align -Wconversion -Wchar-subscripts -O2   -Wnon-virtual-dtor   conftest.cc  1>&5
configure:4100: $? = 0
configure:4103: test -s conftest
configure:4106: $? = 0
configure:4125: result: yes
configure:4145: checking whether g++ supports -fno-exceptions
configure:4184: rm -rf SunWS_cache; g++ -o conftest -Wnon-virtual-dtor -Wno-long-long -Wundef -Wall -pedantic -W -Wpointer-arith -Wmissing-prototypes -Wwrite-strings -ansi -D_XOPEN_SOURCE=500 -D_BSD_SOURCE -Wcast-align -Wconversion -Wchar-subscripts -O2   -fno-exceptions   conftest.cc  1>&5
configure:4187: $? = 0
configure:4190: test -s conftest
configure:4193: $? = 0
configure:4212: result: yes
configure:4224: checking whether g++ supports -fno-check-new
configure:4263: rm -rf SunWS_cache; g++ -o conftest -Wnon-virtual-dtor -Wno-long-long -Wundef -Wall -pedantic -W -Wpointer-arith -Wmissing-prototypes -Wwrite-strings -ansi -D_XOPEN_SOURCE=500 -D_BSD_SOURCE -Wcast-align -Wconversion -Wchar-subscripts -O2   -fno-exceptions -fno-check-new   conftest.cc  1>&5
configure:4266: $? = 0
configure:4269: test -s conftest
configure:4272: $? = 0
configure:4291: result: yes
configure:4303: checking whether g++ supports -fno-common
configure:4342: rm -rf SunWS_cache; g++ -o conftest -Wnon-virtual-dtor -Wno-long-long -Wundef -Wall -pedantic -W -Wpointer-arith -Wmissing-prototypes -Wwrite-strings -ansi -D_XOPEN_SOURCE=500 -D_BSD_SOURCE -Wcast-align -Wconversion -Wchar-subscripts -O2   -fno-exceptions -fno-check-new -fno-common   conftest.cc  1>&5
configure:4345: $? = 0
configure:4348: test -s conftest
configure:4351: $? = 0
configure:4370: result: yes
configure:4382: checking whether g++ supports -fexceptions
configure:4421: rm -rf SunWS_cache; g++ -o conftest -Wnon-virtual-dtor -Wno-long-long -Wundef -Wall -pedantic -W -Wpointer-arith -Wmissing-prototypes -Wwrite-strings -ansi -D_XOPEN_SOURCE=500 -D_BSD_SOURCE -Wcast-align -Wconversion -Wchar-subscripts -O2   -fno-exceptions -fno-check-new -fno-common -fexceptions   conftest.cc  1>&5
configure:4424: $? = 0
configure:4427: test -s conftest
configure:4430: $? = 0
configure:4449: result: yes
configure:5056: checking how to run the C++ preprocessor
configure:5078: g++ -E  conftest.cc
configure:5084: $? = 0
configure:5111: g++ -E  conftest.cc
configure:5107: ac_nonexistent.h: No such file or directory
configure:5117: $? = 1
configure: failed program was:
#line 5106 "configure"
#include "confdefs.h"
#include <ac_nonexistent.h>
configure:5154: result: g++ -E
configure:5169: g++ -E  conftest.cc
configure:5175: $? = 0
configure:5202: g++ -E  conftest.cc
configure:5198: ac_nonexistent.h: No such file or directory
configure:5208: $? = 1
configure: failed program was:
#line 5197 "configure"
#include "confdefs.h"
#include <ac_nonexistent.h>
configure:5539: result: not using lib directory suffix
configure:5595: checking for ld used by GCC
configure:5659: result: /usr/bin/ld
configure:5668: checking if the linker (/usr/bin/ld) is GNU ld
GNU ld version 2.12.90.0.1 20020307 Debian/GNU Linux
configure:5680: result: yes
configure:5685: checking for /usr/bin/ld option to reload object files
configure:5692: result: -r
configure:5701: checking for BSD-compatible nm
configure:5736: result: /usr/bin/nm -B
configure:5740: checking for a sed that does not truncate output
configure:5816: result: 
configure:5819: checking whether ln -s works
configure:5823: result: yes
configure:5830: checking how to recognise dependant libraries
configure:6017: result: pass_all
configure:6087: gcc -c -ansi -W -Wall -pedantic -Wchar-subscripts -Wshadow -Wpointer-arith -Wmissing-prototypes -Wwrite-strings -D_XOPEN_SOURCE=500 -D_BSD_SOURCE -O2    conftest.c >&5
configure:6090: $? = 0
configure:6177: checking for ANSI C header files
configure:6191: gcc -E  conftest.c
configure:6197: $? = 0
configure:6282: gcc -o conftest -ansi -W -Wall -pedantic -Wchar-subscripts -Wshadow -Wpointer-arith -Wmissing-prototypes -Wwrite-strings -D_XOPEN_SOURCE=500 -D_BSD_SOURCE -O2     conftest.c  >&5
configure:6285: $? = 0
configure:6287: ./conftest
configure:6290: $? = 0
configure:6304: result: yes
configure:6328: checking for sys/types.h
configure:6341: gcc -c -ansi -W -Wall -pedantic -Wchar-subscripts -Wshadow -Wpointer-arith -Wmissing-prototypes -Wwrite-strings -D_XOPEN_SOURCE=500 -D_BSD_SOURCE -O2    conftest.c >&5
configure:6344: $? = 0
configure:6347: test -s conftest.o
configure:6350: $? = 0
configure:6360: result: yes
configure:6328: checking for sys/stat.h
configure:6341: gcc -c -ansi -W -Wall -pedantic -Wchar-subscripts -Wshadow -Wpointer-arith -Wmissing-prototypes -Wwrite-strings -D_XOPEN_SOURCE=500 -D_BSD_SOURCE -O2    conftest.c >&5
configure:6344: $? = 0
configure:6347: test -s conftest.o
configure:6350: $? = 0
configure:6360: result: yes
configure:6328: checking for stdlib.h
configure:6341: gcc -c -ansi -W -Wall -pedantic -Wchar-subscripts -Wshadow -Wpointer-arith -Wmissing-prototypes -Wwrite-strings -D_XOPEN_SOURCE=500 -D_BSD_SOURCE -O2    conftest.c >&5
configure:6344: $? = 0
configure:6347: test -s conftest.o
configure:6350: $? = 0
configure:6360: result: yes
configure:6328: checking for string.h
configure:6341: gcc -c -ansi -W -Wall -pedantic -Wchar-subscripts -Wshadow -Wpointer-arith -Wmissing-prototypes -Wwrite-strings -D_XOPEN_SOURCE=500 -D_BSD_SOURCE -O2    conftest.c >&5
configure:6344: $? = 0
configure:6347: test -s conftest.o
configure:6350: $? = 0
configure:6360: result: yes
configure:6328: checking for memory.h
configure:6341: gcc -c -ansi -W -Wall -pedantic -Wchar-subscripts -Wshadow -Wpointer-arith -Wmissing-prototypes -Wwrite-strings -D_XOPEN_SOURCE=500 -D_BSD_SOURCE -O2    conftest.c >&5
configure:6344: $? = 0
configure:6347: test -s conftest.o
configure:6350: $? = 0
configure:6360: result: yes
configure:6328: checking for strings.h
configure:6341: gcc -c -ansi -W -Wall -pedantic -Wchar-subscripts -Wshadow -Wpointer-arith -Wmissing-prototypes -Wwrite-strings -D_XOPEN_SOURCE=500 -D_BSD_SOURCE -O2    conftest.c >&5
configure:6344: $? = 0
configure:6347: test -s conftest.o
configure:6350: $? = 0
configure:6360: result: yes
configure:6328: checking for inttypes.h
configure:6341: gcc -c -ansi -W -Wall -pedantic -Wchar-subscripts -Wshadow -Wpointer-arith -Wmissing-prototypes -Wwrite-strings -D_XOPEN_SOURCE=500 -D_BSD_SOURCE -O2    conftest.c >&5
configure:6344: $? = 0
configure:6347: test -s conftest.o
configure:6350: $? = 0
configure:6360: result: yes
configure:6328: checking for stdint.h
configure:6341: gcc -c -ansi -W -Wall -pedantic -Wchar-subscripts -Wshadow -Wpointer-arith -Wmissing-prototypes -Wwrite-strings -D_XOPEN_SOURCE=500 -D_BSD_SOURCE -O2    conftest.c >&5
configure:6344: $? = 0
configure:6347: test -s conftest.o
configure:6350: $? = 0
configure:6360: result: yes
configure:6328: checking for unistd.h
configure:6341: gcc -c -ansi -W -Wall -pedantic -Wchar-subscripts -Wshadow -Wpointer-arith -Wmissing-prototypes -Wwrite-strings -D_XOPEN_SOURCE=500 -D_BSD_SOURCE -O2    conftest.c >&5
configure:6344: $? = 0
configure:6347: test -s conftest.o
configure:6350: $? = 0
configure:6360: result: yes
configure:6386: checking dlfcn.h usability
configure:6395: gcc -c -ansi -W -Wall -pedantic -Wchar-subscripts -Wshadow -Wpointer-arith -Wmissing-prototypes -Wwrite-strings -D_XOPEN_SOURCE=500 -D_BSD_SOURCE -O2    conftest.c >&5
configure:6398: $? = 0
configure:6401: test -s conftest.o
configure:6404: $? = 0
configure:6413: result: yes
configure:6417: checking dlfcn.h presence
configure:6424: gcc -E  conftest.c
configure:6430: $? = 0
configure:6448: result: yes
configure:6466: checking for dlfcn.h
configure:6473: result: yes
configure:6490: checking the maximum length of command line arguments
configure:6538: result: 32768
configure:6549: checking command to parse /usr/bin/nm -B output from gcc object
configure:6634: gcc -c -ansi -W -Wall -pedantic -Wchar-subscripts -Wshadow -Wpointer-arith -Wmissing-prototypes -Wwrite-strings -D_XOPEN_SOURCE=500 -D_BSD_SOURCE -O2    conftest.c >&5
conftest.c:5: warning: no previous prototype for `nm_test_func'
configure:6637: $? = 0
configure:6641: /usr/bin/nm -B conftest.o \| sed -n -e 's/^.*[ 	]\([ABCDGISTW][ABCDGISTW]*\)[ 	][ 	]*\(\)\([_A-Za-z][_A-Za-z0-9]*\)$/\1 \2\3 \3/p' \> conftest.nm
configure:6644: $? = 0
configure:6696: gcc -o conftest -ansi -W -Wall -pedantic -Wchar-subscripts -Wshadow -Wpointer-arith -Wmissing-prototypes -Wwrite-strings -D_XOPEN_SOURCE=500 -D_BSD_SOURCE -O2     conftest.c conftstm.o >&5
configure:6699: $? = 0
configure:6737: result: ok
configure:6741: checking for objdir
configure:6756: result: .libs
configure:6846: checking for ranlib
configure:6862: found /usr/bin/ranlib
configure:6873: result: ranlib
configure:6926: checking for strip
configure:6942: found /usr/bin/strip
configure:6953: result: strip
configure:7216: checking if gcc static flag  works
conftest.c:1: warning: return-type defaults to `int'
configure:7239: result: no
configure:7256: checking if gcc supports -fno-rtti -fno-exceptions
configure:7280: result: yes
configure:7295: checking for gcc option to produce PIC
configure:7448: result: -fPIC
configure:7455: checking if gcc PIC flag -fPIC works
configure:7479: result: yes
configure:7503: checking if gcc supports -c -o file.o
configure:7544: result: yes
configure:7570: checking whether the gcc linker (/usr/bin/ld) supports shared libraries
configure:8355: result: yes
configure:8377: checking whether -lc should be explicitly linked in
configure:8382: gcc -c -ansi -W -Wall -pedantic -Wchar-subscripts -Wshadow -Wpointer-arith -Wmissing-prototypes -Wwrite-strings -D_XOPEN_SOURCE=500 -D_BSD_SOURCE -O2    conftest.c >&5
conftest.c:1: warning: `dummy' defined but not used
configure:8385: $? = 0
configure:8399: gcc -shared conftest.o  -v -Wl,-soname -Wl,conftest -o conftest 2\>\&1 \| grep  -lc  \>/dev/null 2\>\&1
configure:8402: $? = 0
configure:8414: result: no
configure:8420: checking how to hardcode library paths into programs
configure:8444: result: immediate
configure:8458: checking whether stripping libraries is possible
configure:8463: result: yes
configure:8470: checking dynamic linker characteristics
configure:8922: result: GNU/Linux ld.so
configure:9563: checking if libtool supports shared libraries
configure:9565: result: yes
configure:9568: checking whether to build shared libraries
configure:9589: result: yes
configure:9592: checking whether to build static libraries
configure:9596: result: no
configure:9675: creating libtool
configure:10400: checking whether the g++ linker (/usr/bin/ld) supports shared libraries
configure:11057: result: yes
configure:11074: g++ -c -Wnon-virtual-dtor -Wno-long-long -Wundef -Wall -pedantic -W -Wpointer-arith -Wmissing-prototypes -Wwrite-strings -ansi -D_XOPEN_SOURCE=500 -D_BSD_SOURCE -Wcast-align -Wconversion -Wchar-subscripts -O2 -fno-exceptions -fno-check-new -fno-common  conftest.cc >&5
configure:11077: $? = 0
configure:11177: checking for g++ option to produce PIC
configure:11413: result: -fPIC
configure:11420: checking if g++ PIC flag -fPIC works
configure:11444: result: yes
configure:11468: checking if g++ supports -c -o file.o
configure:11509: result: yes
configure:11535: checking whether the g++ linker (/usr/bin/ld) supports shared libraries
configure:11557: result: yes
configure:11579: checking whether -lc should be explicitly linked in
configure:11584: g++ -c -Wnon-virtual-dtor -Wno-long-long -Wundef -Wall -pedantic -W -Wpointer-arith -Wmissing-prototypes -Wwrite-strings -ansi -D_XOPEN_SOURCE=500 -D_BSD_SOURCE -Wcast-align -Wconversion -Wchar-subscripts -O2 -fno-exceptions -fno-check-new -fno-common  conftest.cc >&5
conftest.cc:1: warning: `int dummy' defined but not used
configure:11587: $? = 0
configure:11601: g++ -shared -nostdlib  conftest.o   -v -Wl,-soname -Wl,conftest -o conftest 2\>\&1 \| grep  -lc  \>/dev/null 2\>\&1
configure:11604: $? = 1
configure:11616: result: yes
configure:11622: checking how to hardcode library paths into programs
configure:11646: result: immediate
configure:11660: checking whether stripping libraries is possible
configure:11665: result: yes
configure:11672: checking dynamic linker characteristics
configure:12124: result: GNU/Linux ld.so
configure:13181: checking if gcj supports -fno-rtti -fno-exceptions
configure:13205: result: yes
configure:13220: checking for gcj option to produce PIC
configure:13373: result: -fPIC
configure:13380: checking if gcj PIC flag -fPIC works
configure:13404: result: no
configure:13428: checking if gcj supports -c -o file.o
configure:13469: result: no
configure:13495: checking whether the gcj linker (/usr/bin/ld) supports shared libraries
configure:14280: result: yes
configure:14302: checking whether -lc should be explicitly linked in
configure:14307: gcj -c -ansi -W -Wall -pedantic -Wchar-subscripts -Wshadow -Wpointer-arith -Wmissing-prototypes -Wwrite-strings -D_XOPEN_SOURCE=500 -D_BSD_SOURCE -O2    conftest.java >&5
/home/ab/kerp/configure: gcj: command not found
configure:14310: $? = 127
configure:14339: result: yes
configure:14345: checking how to hardcode library paths into programs
configure:14369: result: immediate
configure:14383: checking whether stripping libraries is possible
configure:14388: result: yes
configure:14395: checking dynamic linker characteristics
configure:14847: result: GNU/Linux ld.so
configure:16380: checking for msgfmt
configure:16407: result: /usr/bin/msgfmt
configure:16416: checking for gmsgfmt
configure:16447: result: /usr/bin/msgfmt
configure:16466: checking for xgettext
configure:16493: result: /usr/bin/xgettext
configure:16587: checking for strlcat
configure:16638: g++ -c -Wnon-virtual-dtor -Wno-long-long -Wundef -Wall -pedantic -W -Wpointer-arith -Wmissing-prototypes -Wwrite-strings -ansi -D_XOPEN_SOURCE=500 -D_BSD_SOURCE -Wcast-align -Wconversion -Wchar-subscripts -O2 -fno-exceptions -fno-check-new -fno-common -pedantic-errors  conftest.cc >&5
configure: In function `int main()':
configure:16628: `strlcat' undeclared (first use this function)
configure:16628: (Each undeclared identifier is reported only once
configure:16628: for each function it appears in.)
configure:16641: $? = 1
configure: failed program was:
#line 16610 "configure"
#include "confdefs.h"


#include <string.h>


#ifdef F77_DUMMY_MAIN
#  ifdef __cplusplus
     extern "C"
#  endif
   int F77_DUMMY_MAIN() { return 1; }
#endif
int
main ()
{

 char buf[20];
  buf[0]='\0';
  strlcat(buf, "KDE function test", sizeof(buf));


  ;
  return 0;
}
configure:16668: result: no
configure:16671: checking if strlcat needs custom prototype
configure:16766: result: yes - in libkdefakes
configure:16791: checking for strlcpy
configure:16841: g++ -c -Wnon-virtual-dtor -Wno-long-long -Wundef -Wall -pedantic -W -Wpointer-arith -Wmissing-prototypes -Wwrite-strings -ansi -D_XOPEN_SOURCE=500 -D_BSD_SOURCE -Wcast-align -Wconversion -Wchar-subscripts -O2 -fno-exceptions -fno-check-new -fno-common -pedantic-errors  conftest.cc >&5
configure: In function `int main()':
configure:16831: `strlcpy' undeclared (first use this function)
configure:16831: (Each undeclared identifier is reported only once
configure:16831: for each function it appears in.)
configure:16844: $? = 1
configure: failed program was:
#line 16814 "configure"
#include "confdefs.h"


#include <string.h>


#ifdef F77_DUMMY_MAIN
#  ifdef __cplusplus
     extern "C"
#  endif
   int F77_DUMMY_MAIN() { return 1; }
#endif
int
main ()
{

 char buf[20];
  strlcpy(buf, "KDE function test", sizeof(buf));


  ;
  return 0;
}
configure:16871: result: no
configure:16874: checking if strlcpy needs custom prototype
configure:16968: result: yes - in libkdefakes
configure:16998: checking for main in -lutil
configure:17025: gcc -o conftest -ansi -W -Wall -pedantic -Wchar-subscripts -Wshadow -Wpointer-arith -Wmissing-prototypes -Wwrite-strings -D_XOPEN_SOURCE=500 -D_BSD_SOURCE -O2     conftest.c -lutil   >&5
configure:17028: $? = 0
configure:17031: test -s conftest
configure:17034: $? = 0
configure:17045: result: yes
configure:17051: checking for main in -lcompat
configure:17078: gcc -o conftest -ansi -W -Wall -pedantic -Wchar-subscripts -Wshadow -Wpointer-arith -Wmissing-prototypes -Wwrite-strings -D_XOPEN_SOURCE=500 -D_BSD_SOURCE -O2     conftest.c -lcompat   >&5
/usr/bin/ld: cannot find -lcompat
collect2: ld returned 1 exit status
configure:17081: $? = 1
configure: failed program was:
#line 17058 "configure"
#include "confdefs.h"


#ifdef F77_DUMMY_MAIN
#  ifdef __cplusplus
     extern "C"
#  endif
   int F77_DUMMY_MAIN() { return 1; }
#endif
int
main ()
{
main ();
  ;
  return 0;
}
configure:17098: result: no
configure:17105: checking for crypt in -lcrypt
configure:17138: gcc -o conftest -ansi -W -Wall -pedantic -Wchar-subscripts -Wshadow -Wpointer-arith -Wmissing-prototypes -Wwrite-strings -D_XOPEN_SOURCE=500 -D_BSD_SOURCE -O2     conftest.c -lcrypt   >&5
configure:17141: $? = 0
configure:17144: test -s conftest
configure:17147: $? = 0
configure:17158: result: yes
configure:17243: checking for socklen_t
configure:17285: g++ -c -Wnon-virtual-dtor -Wno-long-long -Wundef -Wall -pedantic -W -Wpointer-arith -Wmissing-prototypes -Wwrite-strings -ansi -D_XOPEN_SOURCE=500 -D_BSD_SOURCE -Wcast-align -Wconversion -Wchar-subscripts -O2 -fno-exceptions -fno-check-new -fno-common  conftest.cc >&5
configure:17288: $? = 0
configure:17291: test -s conftest.o
configure:17294: $? = 0
configure:17357: result: socklen_t
configure:17379: checking for dnet_ntoa in -ldnet
configure:17412: gcc -o conftest -ansi -W -Wall -pedantic -Wchar-subscripts -Wshadow -Wpointer-arith -Wmissing-prototypes -Wwrite-strings -D_XOPEN_SOURCE=500 -D_BSD_SOURCE -O2     conftest.c -ldnet   >&5
/usr/bin/ld: cannot find -ldnet
collect2: ld returned 1 exit status
configure:17415: $? = 1
configure: failed program was:
#line 17386 "configure"
#include "confdefs.h"

/* Override any gcc2 internal prototype to avoid an error.  */
#ifdef __cplusplus
extern "C"
#endif
/* We use char because int might match the return type of a gcc2
   builtin and then its argument prototype would still apply.  */
char dnet_ntoa ();
#ifdef F77_DUMMY_MAIN
#  ifdef __cplusplus
     extern "C"
#  endif
   int F77_DUMMY_MAIN() { return 1; }
#endif
int
main ()
{
dnet_ntoa ();
  ;
  return 0;
}
configure:17432: result: no
configure:17439: checking for dnet_ntoa in -ldnet_stub
configure:17472: gcc -o conftest -ansi -W -Wall -pedantic -Wchar-subscripts -Wshadow -Wpointer-arith -Wmissing-prototypes -Wwrite-strings -D_XOPEN_SOURCE=500 -D_BSD_SOURCE -O2     conftest.c -ldnet_stub   >&5
/usr/bin/ld: cannot find -ldnet_stub
collect2: ld returned 1 exit status
configure:17475: $? = 1
configure: failed program was:
#line 17446 "configure"
#include "confdefs.h"

/* Override any gcc2 internal prototype to avoid an error.  */
#ifdef __cplusplus
extern "C"
#endif
/* We use char because int might match the return type of a gcc2
   builtin and then its argument prototype would still apply.  */
char dnet_ntoa ();
#ifdef F77_DUMMY_MAIN
#  ifdef __cplusplus
     extern "C"
#  endif
   int F77_DUMMY_MAIN() { return 1; }
#endif
int
main ()
{
dnet_ntoa ();
  ;
  return 0;
}
configure:17492: result: no
configure:17499: checking for inet_ntoa
configure:17542: gcc -o conftest -ansi -W -Wall -pedantic -Wchar-subscripts -Wshadow -Wpointer-arith -Wmissing-prototypes -Wwrite-strings -D_XOPEN_SOURCE=500 -D_BSD_SOURCE -O2     conftest.c  >&5
configure:17545: $? = 0
configure:17548: test -s conftest
configure:17551: $? = 0
configure:17561: result: yes
configure:17625: checking for connect
configure:17668: gcc -o conftest -ansi -W -Wall -pedantic -Wchar-subscripts -Wshadow -Wpointer-arith -Wmissing-prototypes -Wwrite-strings -D_XOPEN_SOURCE=500 -D_BSD_SOURCE -O2     conftest.c  >&5
configure:17671: $? = 0
configure:17674: test -s conftest
configure:17677: $? = 0
configure:17687: result: yes
configure:17752: checking for remove
configure:17795: gcc -o conftest -ansi -W -Wall -pedantic -Wchar-subscripts -Wshadow -Wpointer-arith -Wmissing-prototypes -Wwrite-strings -D_XOPEN_SOURCE=500 -D_BSD_SOURCE -O2     conftest.c  >&5
configure:17798: $? = 0
configure:17801: test -s conftest
configure:17804: $? = 0
configure:17814: result: yes
configure:17880: checking for shmat
configure:17923: gcc -o conftest -ansi -W -Wall -pedantic -Wchar-subscripts -Wshadow -Wpointer-arith -Wmissing-prototypes -Wwrite-strings -D_XOPEN_SOURCE=500 -D_BSD_SOURCE -O2     conftest.c  >&5
configure:17926: $? = 0
configure:17929: test -s conftest
configure:17932: $? = 0
configure:17942: result: yes
configure:18024: checking crt_externs.h usability
configure:18033: gcc -c -ansi -W -Wall -pedantic -Wchar-subscripts -Wshadow -Wpointer-arith -Wmissing-prototypes -Wwrite-strings -D_XOPEN_SOURCE=500 -D_BSD_SOURCE -O2    conftest.c >&5
configure:18061: crt_externs.h: No such file or directory
configure:18036: $? = 1
configure: failed program was:
#line 18026 "configure"
#include "confdefs.h"
#include <stdio.h>
#if HAVE_SYS_TYPES_H
# include <sys/types.h>
#endif
#if HAVE_SYS_STAT_H
# include <sys/stat.h>
#endif
#if STDC_HEADERS
# include <stdlib.h>
# include <stddef.h>
#else
# if HAVE_STDLIB_H
#  include <stdlib.h>
# endif
#endif
#if HAVE_STRING_H
# if !STDC_HEADERS && HAVE_MEMORY_H
#  include <memory.h>
# endif
# include <string.h>
#endif
#if HAVE_STRINGS_H
# include <strings.h>
#endif
#if HAVE_INTTYPES_H
# include <inttypes.h>
#else
# if HAVE_STDINT_H
#  include <stdint.h>
# endif
#endif
#if HAVE_UNISTD_H
# include <unistd.h>
#endif
#include <crt_externs.h>
configure:18051: result: no
configure:18055: checking crt_externs.h presence
configure:18062: gcc -E  conftest.c
configure:18058: crt_externs.h: No such file or directory
configure:18068: $? = 1
configure: failed program was:
#line 18057 "configure"
#include "confdefs.h"
#include <crt_externs.h>
configure:18086: result: no
configure:18104: checking for crt_externs.h
configure:18111: result: no
configure:18124: checking for _NSGetEnviron
configure:18167: gcc -o conftest -ansi -W -Wall -pedantic -Wchar-subscripts -Wshadow -Wpointer-arith -Wmissing-prototypes -Wwrite-strings -D_XOPEN_SOURCE=500 -D_BSD_SOURCE -O2     conftest.c  >&5
/tmp/ccerpKVP.o: In function `main':
/tmp/ccerpKVP.o(.text+0x9): undefined reference to `_NSGetEnviron'
collect2: ld returned 1 exit status
configure:18170: $? = 1
configure: failed program was:
#line 18129 "configure"
#include "confdefs.h"
/* System header to define __stub macros and hopefully few prototypes,
    which can conflict with char _NSGetEnviron (); below.  */
#include <assert.h>
/* Override any gcc2 internal prototype to avoid an error.  */
#ifdef __cplusplus
extern "C"
#endif
/* We use char because int might match the return type of a gcc2
   builtin and then its argument prototype would still apply.  */
char _NSGetEnviron ();
char (*f) ();

#ifdef F77_DUMMY_MAIN
#  ifdef __cplusplus
     extern "C"
#  endif
   int F77_DUMMY_MAIN() { return 1; }
#endif
int
main ()
{
/* The GNU C library defines this for functions which it implements
    to always fail with ENOSYS.  Some functions are actually named
    something starting with __ and the normal name is an alias.  */
#if defined (__stub__NSGetEnviron) || defined (__stub____NSGetEnviron)
choke me
#else
f = _NSGetEnviron;
#endif

  ;
  return 0;
}
configure:18186: result: no
configure:18204: checking for sys/types.h
configure:18209: result: yes
configure:18204: checking for stdint.h
configure:18209: result: yes
configure:18315: checking for poll in -lpoll
configure:18348: gcc -o conftest -ansi -W -Wall -pedantic -Wchar-subscripts -Wshadow -Wpointer-arith -Wmissing-prototypes -Wwrite-strings -D_XOPEN_SOURCE=500 -D_BSD_SOURCE -O2     conftest.c -lpoll   >&5
/usr/bin/ld: cannot find -lpoll
collect2: ld returned 1 exit status
configure:18351: $? = 1
configure: failed program was:
#line 18322 "configure"
#include "confdefs.h"

/* Override any gcc2 internal prototype to avoid an error.  */
#ifdef __cplusplus
extern "C"
#endif
/* We use char because int might match the return type of a gcc2
   builtin and then its argument prototype would still apply.  */
char poll ();
#ifdef F77_DUMMY_MAIN
#  ifdef __cplusplus
     extern "C"
#  endif
   int F77_DUMMY_MAIN() { return 1; }
#endif
int
main ()
{
poll ();
  ;
  return 0;
}
configure:18368: result: no
configure:18386: checking CoreAudio/CoreAudio.h usability
configure:18395: gcc -c -ansi -W -Wall -pedantic -Wchar-subscripts -Wshadow -Wpointer-arith -Wmissing-prototypes -Wwrite-strings -D_XOPEN_SOURCE=500 -D_BSD_SOURCE -O2    conftest.c >&5
configure:18423: CoreAudio/CoreAudio.h: No such file or directory
configure:18398: $? = 1
configure: failed program was:
#line 18388 "configure"
#include "confdefs.h"
#include <stdio.h>
#if HAVE_SYS_TYPES_H
# include <sys/types.h>
#endif
#if HAVE_SYS_STAT_H
# include <sys/stat.h>
#endif
#if STDC_HEADERS
# include <stdlib.h>
# include <stddef.h>
#else
# if HAVE_STDLIB_H
#  include <stdlib.h>
# endif
#endif
#if HAVE_STRING_H
# if !STDC_HEADERS && HAVE_MEMORY_H
#  include <memory.h>
# endif
# include <string.h>
#endif
#if HAVE_STRINGS_H
# include <strings.h>
#endif
#if HAVE_INTTYPES_H
# include <inttypes.h>
#else
# if HAVE_STDINT_H
#  include <stdint.h>
# endif
#endif
#if HAVE_UNISTD_H
# include <unistd.h>
#endif
#include <CoreAudio/CoreAudio.h>
configure:18413: result: no
configure:18417: checking CoreAudio/CoreAudio.h presence
configure:18424: gcc -E  conftest.c
configure:18420: CoreAudio/CoreAudio.h: No such file or directory
configure:18430: $? = 1
configure: failed program was:
#line 18419 "configure"
#include "confdefs.h"
#include <CoreAudio/CoreAudio.h>
configure:18448: result: no
configure:18466: checking for CoreAudio/CoreAudio.h
configure:18473: result: no
configure:18491: checking if res_init needs -lresolv
configure:18521: gcc -o conftest -ansi -W -Wall -pedantic -Wchar-subscripts -Wshadow -Wpointer-arith -Wmissing-prototypes -Wwrite-strings -D_XOPEN_SOURCE=500 -D_BSD_SOURCE -O2     conftest.c   -lresolv >&5
configure:18524: $? = 0
configure:18527: test -s conftest
configure:18530: $? = 0
configure:18534: result: yes
configure:18553: checking if res_init is available
configure:18581: gcc -c -ansi -W -Wall -pedantic -Wchar-subscripts -Wshadow -Wpointer-arith -Wmissing-prototypes -Wwrite-strings -D_XOPEN_SOURCE=500 -D_BSD_SOURCE -O2    conftest.c >&5
configure:18584: $? = 0
configure:18587: test -s conftest.o
configure:18590: $? = 0
configure:18593: result: yes
configure:18615: checking for killpg in -lucb
configure:18648: gcc -o conftest -ansi -W -Wall -pedantic -Wchar-subscripts -Wshadow -Wpointer-arith -Wmissing-prototypes -Wwrite-strings -D_XOPEN_SOURCE=500 -D_BSD_SOURCE -O2     conftest.c -lucb   >&5
/usr/bin/ld: cannot find -lucb
collect2: ld returned 1 exit status
configure:18651: $? = 1
configure: failed program was:
#line 18622 "configure"
#include "confdefs.h"

/* Override any gcc2 internal prototype to avoid an error.  */
#ifdef __cplusplus
extern "C"
#endif
/* We use char because int might match the return type of a gcc2
   builtin and then its argument prototype would still apply.  */
char killpg ();
#ifdef F77_DUMMY_MAIN
#  ifdef __cplusplus
     extern "C"
#  endif
   int F77_DUMMY_MAIN() { return 1; }
#endif
int
main ()
{
killpg ();
  ;
  return 0;
}
configure:18668: result: no
configure:18742: checking for int
configure:18769: gcc -c -ansi -W -Wall -pedantic -Wchar-subscripts -Wshadow -Wpointer-arith -Wmissing-prototypes -Wwrite-strings -D_XOPEN_SOURCE=500 -D_BSD_SOURCE -O2    conftest.c >&5
configure:18772: $? = 0
configure:18775: test -s conftest.o
configure:18778: $? = 0
configure:18788: result: yes
configure:18791: checking size of int
configure:19069: gcc -o conftest -ansi -W -Wall -pedantic -Wchar-subscripts -Wshadow -Wpointer-arith -Wmissing-prototypes -Wwrite-strings -D_XOPEN_SOURCE=500 -D_BSD_SOURCE -O2     conftest.c  >&5
configure:19062: warning: no previous prototype for `longval'
configure:19063: warning: no previous prototype for `ulongval'
configure:19072: $? = 0
configure:19074: ./conftest
configure:19077: $? = 0
configure:19097: result: 4
configure:19103: checking for long
configure:19130: gcc -c -ansi -W -Wall -pedantic -Wchar-subscripts -Wshadow -Wpointer-arith -Wmissing-prototypes -Wwrite-strings -D_XOPEN_SOURCE=500 -D_BSD_SOURCE -O2    conftest.c >&5
configure:19133: $? = 0
configure:19136: test -s conftest.o
configure:19139: $? = 0
configure:19149: result: yes
configure:19152: checking size of long
configure:19430: gcc -o conftest -ansi -W -Wall -pedantic -Wchar-subscripts -Wshadow -Wpointer-arith -Wmissing-prototypes -Wwrite-strings -D_XOPEN_SOURCE=500 -D_BSD_SOURCE -O2     conftest.c  >&5
configure:19423: warning: no previous prototype for `longval'
configure:19424: warning: no previous prototype for `ulongval'
configure:19433: $? = 0
configure:19435: ./conftest
configure:19438: $? = 0
configure:19458: result: 4
configure:19464: checking for char *
configure:19491: gcc -c -ansi -W -Wall -pedantic -Wchar-subscripts -Wshadow -Wpointer-arith -Wmissing-prototypes -Wwrite-strings -D_XOPEN_SOURCE=500 -D_BSD_SOURCE -O2    conftest.c >&5
configure:19494: $? = 0
configure:19497: test -s conftest.o
configure:19500: $? = 0
configure:19510: result: yes
configure:19513: checking size of char *
configure:19791: gcc -o conftest -ansi -W -Wall -pedantic -Wchar-subscripts -Wshadow -Wpointer-arith -Wmissing-prototypes -Wwrite-strings -D_XOPEN_SOURCE=500 -D_BSD_SOURCE -O2     conftest.c  >&5
configure:19784: warning: no previous prototype for `longval'
configure:19785: warning: no previous prototype for `ulongval'
configure:19794: $? = 0
configure:19796: ./conftest
configure:19799: $? = 0
configure:19819: result: 4
configure:19827: checking for dlopen in -ldl
configure:19860: gcc -o conftest -ansi -W -Wall -pedantic -Wchar-subscripts -Wshadow -Wpointer-arith -Wmissing-prototypes -Wwrite-strings -D_XOPEN_SOURCE=500 -D_BSD_SOURCE -O2     conftest.c -ldl   >&5
configure:19863: $? = 0
configure:19866: test -s conftest
configure:19869: $? = 0
configure:19880: result: yes
configure:19890: checking for shl_unload in -ldld
configure:19923: gcc -o conftest -ansi -W -Wall -pedantic -Wchar-subscripts -Wshadow -Wpointer-arith -Wmissing-prototypes -Wwrite-strings -D_XOPEN_SOURCE=500 -D_BSD_SOURCE -O2     conftest.c -ldld   >&5
/usr/bin/ld: cannot find -ldld
collect2: ld returned 1 exit status
configure:19926: $? = 1
configure: failed program was:
#line 19897 "configure"
#include "confdefs.h"

/* Override any gcc2 internal prototype to avoid an error.  */
#ifdef __cplusplus
extern "C"
#endif
/* We use char because int might match the return type of a gcc2
   builtin and then its argument prototype would still apply.  */
char shl_unload ();
#ifdef F77_DUMMY_MAIN
#  ifdef __cplusplus
     extern "C"
#  endif
   int F77_DUMMY_MAIN() { return 1; }
#endif
int
main ()
{
shl_unload ();
  ;
  return 0;
}
configure:19943: result: no
configure:19958: checking for size_t
configure:19985: gcc -c -ansi -W -Wall -pedantic -Wchar-subscripts -Wshadow -Wpointer-arith -Wmissing-prototypes -Wwrite-strings -D_XOPEN_SOURCE=500 -D_BSD_SOURCE -O2    conftest.c >&5
configure:19988: $? = 0
configure:19991: test -s conftest.o
configure:19994: $? = 0
configure:20004: result: yes
configure:20007: checking size of size_t
configure:20285: gcc -o conftest -ansi -W -Wall -pedantic -Wchar-subscripts -Wshadow -Wpointer-arith -Wmissing-prototypes -Wwrite-strings -D_XOPEN_SOURCE=500 -D_BSD_SOURCE -O2     conftest.c  >&5
configure:20278: warning: no previous prototype for `longval'
configure:20279: warning: no previous prototype for `ulongval'
configure:20288: $? = 0
configure:20290: ./conftest
configure:20293: $? = 0
configure:20313: result: 4
configure:20320: checking for unsigned long
configure:20347: gcc -c -ansi -W -Wall -pedantic -Wchar-subscripts -Wshadow -Wpointer-arith -Wmissing-prototypes -Wwrite-strings -D_XOPEN_SOURCE=500 -D_BSD_SOURCE -O2    conftest.c >&5
configure:20350: $? = 0
configure:20353: test -s conftest.o
configure:20356: $? = 0
configure:20366: result: yes
configure:20369: checking size of unsigned long
configure:20647: gcc -o conftest -ansi -W -Wall -pedantic -Wchar-subscripts -Wshadow -Wpointer-arith -Wmissing-prototypes -Wwrite-strings -D_XOPEN_SOURCE=500 -D_BSD_SOURCE -O2     conftest.c  >&5
configure:20640: warning: no previous prototype for `longval'
configure:20641: warning: no previous prototype for `ulongval'
configure:20650: $? = 0
configure:20652: ./conftest
configure:20655: $? = 0
configure:20675: result: 4
configure:20683: checking sizeof size_t == sizeof unsigned long
configure:20708: gcc -c -ansi -W -Wall -pedantic -Wchar-subscripts -Wshadow -Wpointer-arith -Wmissing-prototypes -Wwrite-strings -D_XOPEN_SOURCE=500 -D_BSD_SOURCE -O2    conftest.c >&5
configure:20711: $? = 0
configure:20714: test -s conftest.o
configure:20717: $? = 0
configure:20719: result: yes
configure:20749: checking for vsnprintf
configure:20792: gcc -o conftest -ansi -W -Wall -pedantic -Wchar-subscripts -Wshadow -Wpointer-arith -Wmissing-prototypes -Wwrite-strings -D_XOPEN_SOURCE=500 -D_BSD_SOURCE -O2     conftest.c  >&5
configure:20795: $? = 0
configure:20798: test -s conftest
configure:20801: $? = 0
configure:20811: result: yes
configure:20749: checking for snprintf
configure:20792: gcc -o conftest -ansi -W -Wall -pedantic -Wchar-subscripts -Wshadow -Wpointer-arith -Wmissing-prototypes -Wwrite-strings -D_XOPEN_SOURCE=500 -D_BSD_SOURCE -O2     conftest.c  >&5
configure:20795: $? = 0
configure:20798: test -s conftest
configure:20801: $? = 0
configure:20811: result: yes
configure:20849: checking for X
configure:20891: gcc -E  conftest.c
configure:20897: $? = 0
configure:20989: gcc -o conftest -ansi -W -Wall -pedantic -Wchar-subscripts -Wshadow -Wpointer-arith -Wmissing-prototypes -Wwrite-strings -D_XOPEN_SOURCE=500 -D_BSD_SOURCE -O2     conftest.c -lXt  >&5
configure: In function `main':
configure:20981: warning: implicit declaration of function `XtMalloc'
/usr/bin/ld: cannot find -lXt
collect2: ld returned 1 exit status
configure:20992: $? = 1
configure: failed program was:
#line 20970 "configure"
#include "confdefs.h"

#ifdef F77_DUMMY_MAIN
#  ifdef __cplusplus
     extern "C"
#  endif
   int F77_DUMMY_MAIN() { return 1; }
#endif
int
main ()
{
XtMalloc()
  ;
  return 0;
}
configure:21142: result: libraries /usr/X11R6/lib, headers /usr/X11R6/include
configure:21176: checking for IceConnectionNumber in -lICE
configure:21209: gcc -o conftest -ansi -W -Wall -pedantic -Wchar-subscripts -Wshadow -Wpointer-arith -Wmissing-prototypes -Wwrite-strings -D_XOPEN_SOURCE=500 -D_BSD_SOURCE -O2     -L/usr/X11R6/lib conftest.c -lICE   >&5
configure:21212: $? = 0
configure:21215: test -s conftest
configure:21218: $? = 0
configure:21229: result: yes
configure:21243: checking for libXext
configure:21281: gcc -o conftest -ansi -W -Wall -pedantic -Wchar-subscripts -Wshadow -Wpointer-arith -Wmissing-prototypes -Wwrite-strings -D_XOPEN_SOURCE=500 -D_BSD_SOURCE -O2     -L/usr/X11R6/lib  conftest.c -lXext -lX11  >&5
configure:21284: $? = 0
configure:21287: test -s conftest
configure:21290: $? = 0
configure:21307: result: yes
configure:21356: checking for pthread_create in -lpthread
configure:21389: gcc -o conftest -ansi -W -Wall -pedantic -Wchar-subscripts -Wshadow -Wpointer-arith -Wmissing-prototypes -Wwrite-strings -D_XOPEN_SOURCE=500 -D_BSD_SOURCE -O2     conftest.c -lpthread   >&5
configure:21392: $? = 0
configure:21395: test -s conftest
configure:21398: $? = 0
configure:21409: result: yes
configure:21804: checking for extra includes
configure:21832: result: no
configure:21836: checking for extra libs
configure:21865: result: no
configure:21871: checking for libz
configure:21908: gcc -o conftest -ansi -W -Wall -pedantic -Wchar-subscripts -Wshadow -Wpointer-arith -Wmissing-prototypes -Wwrite-strings -D_XOPEN_SOURCE=500 -D_BSD_SOURCE -O2   -I/usr/X11R6/include   -D_REENTRANT  conftest.c -L/usr/X11R6/lib  -lz  >&5
configure:21911: $? = 0
configure:21914: test -s conftest
configure:21917: $? = 0
configure:21938: result: -lz
configure:21951: checking for libpng
configure:21996: gcc -o conftest -ansi -W -Wall -pedantic -Wchar-subscripts -Wshadow -Wpointer-arith -Wmissing-prototypes -Wwrite-strings -D_XOPEN_SOURCE=500 -D_BSD_SOURCE -O2   -I/usr/X11R6/include   -D_REENTRANT  conftest.c  -L/usr/X11R6/lib  -lpng -lz -lm -lX11  >&5
configure:21999: $? = 0
configure:22002: test -s conftest
configure:22005: $? = 0
configure:22027: result: -lpng -lz -lm
configure:22038: checking for libjpeg6b
configure:22087: gcc -o conftest -ansi -W -Wall -pedantic -Wchar-subscripts -Wshadow -Wpointer-arith -Wmissing-prototypes -Wwrite-strings -D_XOPEN_SOURCE=500 -D_BSD_SOURCE -O2   -I/usr/X11R6/include   -D_REENTRANT  conftest.c -L/usr/X11R6/lib  -ljpeg6b -lm >&5
/usr/bin/ld: cannot find -ljpeg6b
collect2: ld returned 1 exit status
configure:22090: $? = 1
configure: failed program was:
#line 22054 "configure"
#include "confdefs.h"
/* Override any gcc2 internal prototype to avoid an error.  */
struct jpeg_decompress_struct;
typedef struct jpeg_decompress_struct * j_decompress_ptr;
typedef int size_t;
#ifdef __cplusplus
extern "C" {
#endif
    void jpeg_CreateDecompress(j_decompress_ptr cinfo,
                                    int version, size_t structsize);
#ifdef __cplusplus
}
#endif
/* We use char because int might match the return type of a gcc2
    builtin and then its argument prototype would still apply.  */

#ifdef F77_DUMMY_MAIN
#  ifdef __cplusplus
     extern "C"
#  endif
   int F77_DUMMY_MAIN() { return 1; }
#endif
int
main ()
{
jpeg_CreateDecompress(0L, 0, 0);
  ;
  return 0;
}
configure:22116: result: no
configure:22119: checking for libjpeg
configure:22168: gcc -o conftest -ansi -W -Wall -pedantic -Wchar-subscripts -Wshadow -Wpointer-arith -Wmissing-prototypes -Wwrite-strings -D_XOPEN_SOURCE=500 -D_BSD_SOURCE -O2   -I/usr/X11R6/include   -D_REENTRANT  conftest.c -L/usr/X11R6/lib  -ljpeg -lm >&5
configure:22171: $? = 0
configure:22174: test -s conftest
configure:22177: $? = 0
configure:22194: result: -ljpeg
configure: 22220: ${prefix}/include/jpeglib.h
configure: 22220: /usr/include/jpeglib.h
taking that
configure:22391: checking for Qt
configure: 22458: /usr/local/qt/include/qstyle.h
taking that
configure:22568: rm -rf SunWS_cache; g++ -o conftest -Wnon-virtual-dtor -Wno-long-long -Wundef -Wall -pedantic -W -Wpointer-arith -Wmissing-prototypes -Wwrite-strings -ansi -D_XOPEN_SOURCE=500 -D_BSD_SOURCE -Wcast-align -Wconversion -Wchar-subscripts -O2 -fno-exceptions -fno-check-new -fno-common -I/usr/local/qt/include -I/usr/X11R6/include  -DQT_THREAD_SUPPORT  -D_REENTRANT  -L/usr/local/qt/lib -L/usr/X11R6/lib   conftest.cc  -lqt-mt -lpng -lz -lm -ljpeg -ldl  -lXext -lX11 -lSM -lICE  -lpthread 1>&5
configure:22571: $? = 0
configure:22630: result: libraries /usr/local/qt/lib, headers /usr/local/qt/include using -mt
configure:22640: checking if Qt compiles without flags
configure:22737: rm -rf SunWS_cache; g++ -o conftest -Wnon-virtual-dtor -Wno-long-long -Wundef -Wall -pedantic -W -Wpointer-arith -Wmissing-prototypes -Wwrite-strings -ansi -D_XOPEN_SOURCE=500 -D_BSD_SOURCE -Wcast-align -Wconversion -Wchar-subscripts -O2 -fno-exceptions -fno-check-new -fno-common -I/usr/local/qt/include  -DQT_THREAD_SUPPORT  -D_REENTRANT  -L/usr/X11R6/lib conftest.cc -lqt-mt -lpng -lz -lm -ljpeg -ldl  -lXext -lX11 -lSM -lICE  -lXext -lX11  1>&5
/usr/bin/ld: cannot find -lqt-mt
collect2: ld returned 1 exit status
configure:22740: $? = 1
configure: failed program was:
#include "confdefs.h"
#include <qglobal.h>
#include <qapplication.h>
#include <qcursor.h>
#include <qstylefactory.h>
#include <private/qucomextra_p.h>
#if ! (QT_VERSION >= 300)
#error 1
#endif

int main() {
    (void)QStyleFactory::create(QString::null);
    QCursor c(Qt::WhatsThisCursor);
    return 0;
}
configure:22773: result: no
configure:22811: checking for moc
configure:22880: result: /usr/local/qt/bin/moc
configure:22888: checking for uic
configure:22939: result: /usr/local/qt/bin/uic
configure:22967: checking whether uic supports -L 
configure:22978: /usr/local/qt/bin/uic -L /nonexistant conftest.ui >/dev/null
configure:22981: $? = 0
configure:22993: result: yes
configure:23005: checking whether uic supports -nounload 
configure:23016: /usr/local/qt/bin/uic -nounload  conftest.ui >/dev/null
configure:23019: $? = 0
configure:23031: result: yes
configure:23068: checking if Qt needs -ljpeg
configure:23112: rm -rf SunWS_cache; g++ -o conftest -Wnon-virtual-dtor -Wno-long-long -Wundef -Wall -pedantic -W -Wpointer-arith -Wmissing-prototypes -Wwrite-strings -ansi -D_XOPEN_SOURCE=500 -D_BSD_SOURCE -Wcast-align -Wconversion -Wchar-subscripts -O2 -fno-exceptions -fno-check-new -fno-common -I/usr/local/qt/include -I/usr/X11R6/include   -DQT_THREAD_SUPPORT  -D_REENTRANT  conftest.cc -L/usr/X11R6/lib -L/usr/local/qt/lib -lqt-mt -lpng -lz -lm  -ldl -lXext -lX11 -lSM -lICE 1>&5
configure: In function `int main()':
configure:23103: warning: `char ** argv' might be used uninitialized in this function
configure:23115: $? = 0
configure:23118: test -s conftest
configure:23121: $? = 0
configure:23148: result: no
configure:23174: checking for rpath
configure:23200: result: yes
configure:23203: checking for KDE
configure: 23253: /opt/KDE/include/ksharedptr.h
taking that
configure: 23283: /opt/KDE/lib/libkio.la
taking that
configure: 23301: /opt/KDE/lib/kde3/plugins/designer/kdewidgets.la
taking that
configure:23372: result: libraries /opt/KDE/lib, headers /opt/KDE/include
configure:23409: checking if UIC has KDE plugins available
configure:23436: /usr/local/qt/bin/uic -L /opt/KDE/lib/kde3/plugins/designer -nounload -impl actest.h actest.ui > actest.cpp
configure:23439: $? = 0
configure:23451: result: yes
configure:23490: checking for KDE paths
configure:24077: result: defaults
configure:24097: checking for dcopidl
configure:24156: result: /opt/KDE/bin/dcopidl
configure:24163: checking for dcopidl2cpp
configure:24222: result: /opt/KDE/bin/dcopidl2cpp
configure:24229: checking for mcopidl
configure:24288: result: /opt/KDE/bin/mcopidl
configure:24295: checking for artsc-config
configure:24354: result: /opt/KDE/bin/artsc-config
configure:24361: checking for kde-config
configure:24412: result: /opt/KDE/bin/kde-config
configure:24419: checking for meinproc
configure:24470: result: /opt/KDE/bin/meinproc
configure: 24488: /opt/KDE/share/apps/ksgmltools2/customization/kde-chunk.xsl
taking that
configure:24633: checking whether byte ordering is bigendian
configure:24663: gcc -c -ansi -W -Wall -pedantic -Wchar-subscripts -Wshadow -Wpointer-arith -Wmissing-prototypes -Wwrite-strings -D_XOPEN_SOURCE=500 -D_BSD_SOURCE -O2    -DQT_THREAD_SUPPORT  -D_REENTRANT conftest.c >&5
configure:24666: $? = 0
configure:24669: test -s conftest.o
configure:24672: $? = 0
configure:24699: gcc -c -ansi -W -Wall -pedantic -Wchar-subscripts -Wshadow -Wpointer-arith -Wmissing-prototypes -Wwrite-strings -D_XOPEN_SOURCE=500 -D_BSD_SOURCE -O2    -DQT_THREAD_SUPPORT  -D_REENTRANT conftest.c >&5
configure: In function `main':
configure:24689: `not' undeclared (first use in this function)
configure:24689: (Each undeclared identifier is reported only once
configure:24689: for each function it appears in.)
configure:24689: parse error before `big'
configure:24702: $? = 1
configure: failed program was:
#line 24675 "configure"
#include "confdefs.h"
#include <sys/types.h>
#include <sys/param.h>

#ifdef F77_DUMMY_MAIN
#  ifdef __cplusplus
     extern "C"
#  endif
   int F77_DUMMY_MAIN() { return 1; }
#endif
int
main ()
{
#if BYTE_ORDER != BIG_ENDIAN
 not big endian
#endif

  ;
  return 0;
}
configure:24816: result: no
configure:24836: checking for MAXPATHLEN
configure:24864: gcc -E  -DQT_THREAD_SUPPORT  -D_REENTRANT conftest.c 2>/dev/null | grep '^KDE_HELLO' >conftest.out
configure:24867: $? = 0
configure:24879: result: 4096  
configure:24908: checking if src should be compiled
configure:24920: result: yes
configure:24908: checking if po should be compiled
configure:24920: result: yes
configure:24908: checking if doc should be compiled
configure:24920: result: yes
configure:25030: creating ./config.status

## ---------------------- ##
## Running config.status. ##
## ---------------------- ##

This file was extended by config.status, which was
generated by GNU Autoconf 2.53.  Invocation command line was

  CONFIG_FILES    = 
  CONFIG_HEADERS  = 
  CONFIG_LINKS    = 
  CONFIG_COMMANDS = 
  $ ./config.status 

on gorg

config.status:652: creating config.h
config.status:896: executing depfiles commands

## ---------------- ##
## Cache variables. ##
## ---------------- ##

ac_cv_build=i686-pc-linux-gnu
ac_cv_build_alias=i686-pc-linux-gnu
ac_cv_c_bigendian=no
ac_cv_c_compiler_gnu=yes
ac_cv_cxx_compiler_gnu=yes
ac_cv_env_CC_set=
ac_cv_env_CC_value=
ac_cv_env_CFLAGS_set=
ac_cv_env_CFLAGS_value=
ac_cv_env_CPPFLAGS_set=
ac_cv_env_CPPFLAGS_value=
ac_cv_env_CPP_set=
ac_cv_env_CPP_value=
ac_cv_env_CXXCPP_set=
ac_cv_env_CXXCPP_value=
ac_cv_env_CXXFLAGS_set=
ac_cv_env_CXXFLAGS_value=
ac_cv_env_CXX_set=
ac_cv_env_CXX_value=
ac_cv_env_LDFLAGS_set=
ac_cv_env_LDFLAGS_value=
ac_cv_env_build_alias_set=
ac_cv_env_build_alias_value=
ac_cv_env_host_alias_set=
ac_cv_env_host_alias_value=
ac_cv_env_target_alias_set=
ac_cv_env_target_alias_value=
ac_cv_exeext=
ac_cv_func__NSGetEnviron=no
ac_cv_func_connect=yes
ac_cv_func_inet_ntoa=yes
ac_cv_func_remove=yes
ac_cv_func_shmat=yes
ac_cv_func_snprintf=yes
ac_cv_func_vsnprintf=yes
ac_cv_have_dlfcn=yes
ac_cv_have_kde='have_kde=yes     ac_kde_includes=/opt/KDE/include ac_kde_libraries=/opt/KDE/lib'
ac_cv_have_qt='have_qt=yes     ac_qt_includes=/usr/local/qt/include ac_qt_libraries=/usr/local/qt/lib'
ac_cv_header_CoreAudio_CoreAudio_h=no
ac_cv_header_crt_externs_h=no
ac_cv_header_dlfcn_h=yes
ac_cv_header_inttypes_h=yes
ac_cv_header_memory_h=yes
ac_cv_header_stdc=yes
ac_cv_header_stdint_h=yes
ac_cv_header_stdlib_h=yes
ac_cv_header_string_h=yes
ac_cv_header_strings_h=yes
ac_cv_header_sys_stat_h=yes
ac_cv_header_sys_types_h=yes
ac_cv_header_unistd_h=yes
ac_cv_host=i686-pc-linux-gnu
ac_cv_host_alias=i686-pc-linux-gnu
ac_cv_lib_ICE_IceConnectionNumber=yes
ac_cv_lib_compat_main=no
ac_cv_lib_crypt_crypt=yes
ac_cv_lib_dl_dlopen=yes
ac_cv_lib_dld_shl_unload=no
ac_cv_lib_dnet_dnet_ntoa=no
ac_cv_lib_dnet_stub_dnet_ntoa=no
ac_cv_lib_jpeg_6b=no
ac_cv_lib_jpeg_normal=-ljpeg
ac_cv_lib_png='-lpng -lz -lm'
ac_cv_lib_poll_poll=no
ac_cv_lib_pthread_pthread_create=yes
ac_cv_lib_ucb_killpg=no
ac_cv_lib_util_main=yes
ac_cv_lib_z=-lz
ac_cv_maxpathlen='4096  '
ac_cv_objext=o
ac_cv_path_GMSGFMT=/usr/bin/msgfmt
ac_cv_path_MSGFMT=/usr/bin/msgfmt
ac_cv_path_XGETTEXT=/usr/bin/xgettext
ac_cv_path_install='/usr/bin/install -c'
ac_cv_prog_AWK=mawk
ac_cv_prog_CPP='gcc -E'
ac_cv_prog_CXXCPP='g++ -E'
ac_cv_prog_ac_ct_CC=gcc
ac_cv_prog_ac_ct_CXX=g++
ac_cv_prog_ac_ct_RANLIB=ranlib
ac_cv_prog_ac_ct_STRIP=strip
ac_cv_prog_cc_g=yes
ac_cv_prog_cxx_g=yes
ac_cv_prog_make_make_set=yes
ac_cv_sizeof_char_p=4
ac_cv_sizeof_int=4
ac_cv_sizeof_long=4
ac_cv_sizeof_size_t=4
ac_cv_sizeof_unsigned_long=4
ac_cv_socklen_t=socklen_t
ac_cv_target=i686-pc-linux-gnu
ac_cv_target_alias=i686-pc-linux-gnu
ac_cv_type_char_p=yes
ac_cv_type_int=yes
ac_cv_type_long=yes
ac_cv_type_size_t=yes
ac_cv_type_unsigned_long=yes
am_cv_CC_dependencies_compiler_type=gcc
am_cv_CXX_dependencies_compiler_type=gcc
kde_cv_all_paths='kde_have_all_paths="yes" 	kde_htmldir="\${prefix}/share/doc/HTML" 	kde_appsdir="\${prefix}/share/applnk" 	kde_icondir="\${prefix}/share/icons" 	kde_sounddir="\${prefix}/share/sounds" 	kde_datadir="\${prefix}/share/apps" 	kde_locale="\${prefix}/share/locale" 	kde_cgidir="\${exec_prefix}/cgi-bin" 	kde_confdir="\${prefix}/share/config" 	kde_mimedir="\${prefix}/share/mimelnk" 	kde_toolbardir="\${prefix}/share/toolbar" 	kde_wallpaperdir="\${prefix}/share/wallpapers" 	kde_templatesdir="\${prefix}/share/templates" 	kde_bindir="\${exec_prefix}/bin" 	kde_servicesdir="\${prefix}/share/services" 	kde_servicetypesdir="\${prefix}/share/servicetypes" 	kde_moduledir="\${libdir}/kde3" 	kde_styledir="\${libdir}/kde3/plugins/styles" 	kde_widgetdir="/opt/KDE/lib/kde3/plugins/designer" 	xdg_appsdir="\${datadir}/applications" 	xdg_directorydir="\${datadir}/desktop-directories" 	kde_result=defaults'
kde_cv_func_strlcat=no
kde_cv_func_strlcpy=no
kde_cv_have_libXext=yes
kde_cv_have_x='have_x=yes          kde_x_includes=/usr/X11R6/include kde_x_libraries=/usr/X11R6/lib'
kde_cv_path=/opt/KDE/bin/meinproc
kde_cv_path_artsc_config=/opt/KDE/bin/artsc-config
kde_cv_path_dcopidl=/opt/KDE/bin/dcopidl
kde_cv_path_dcopidl2cpp=/opt/KDE/bin/dcopidl2cpp
kde_cv_path_kde_config=/opt/KDE/bin/kde-config
kde_cv_path_mcopidl=/opt/KDE/bin/mcopidl
kde_cv_path_meinproc=/opt/KDE/bin/meinproc
kde_cv_path_moc=/usr/local/qt/bin/moc
kde_cv_path_uic=/usr/local/qt/bin/uic
kde_cv_prog_cxx_Wno_long_long=yes
kde_cv_prog_cxx_Wnon_virtual_dtor=yes
kde_cv_prog_cxx_Wundef=yes
kde_cv_prog_cxx_fexceptions=yes
kde_cv_prog_cxx_fno_check_new=yes
kde_cv_prog_cxx_fno_common=yes
kde_cv_prog_cxx_fno_exceptions=yes
kde_cv_prog_uic_L=yes
kde_cv_prog_uic_nounload=yes
kde_cv_proto_strlcat='yes - in libkdefakes'
kde_cv_proto_strlcpy='yes - in libkdefakes'
kde_cv_qt_direct=no
kde_cv_qt_jpeg=no
kde_cv_uic_plugins=yes
lt_cv_deplibs_check_method=pass_all
lt_cv_file_magic_cmd='$MAGIC_CMD'
lt_cv_file_magic_test_file='/lib/libc.so.6 /lib/libc-2.2.5.so'
lt_cv_ld_reload_flag=-r
lt_cv_objdir=.libs
lt_cv_path_LD=/usr/bin/ld
lt_cv_path_NM='/usr/bin/nm -B'
lt_cv_path_SED=/bin/sed
lt_cv_prog_compiler_c_o=yes
lt_cv_prog_compiler_c_o_CXX=yes
lt_cv_prog_compiler_c_o_GCJ=no
lt_cv_prog_compiler_rtti_exceptions=yes
lt_cv_prog_gnu_ld=yes
lt_cv_sys_global_symbol_pipe='sed -n -e '\''s/^.*[ 	]\([ABCDGISTW][ABCDGISTW]*\)[ 	][ 	]*\(\)\([_A-Za-z][_A-Za-z0-9]*\)$/\1 \2\3 \3/p'\'''
lt_cv_sys_global_symbol_to_c_name_address='sed -n -e '\''s/^: \([^ ]*\) $/  {\"\1\", (lt_ptr) 0},/p'\'' -e '\''s/^[BCDEGRST] \([^ ]*\) \([^ ]*\)$/  {"\2", (lt_ptr) \&\2},/p'\'''
lt_cv_sys_global_symbol_to_cdecl='sed -n -e '\''s/^. .* \(.*\)$/extern int \1;/p'\'''
lt_cv_sys_max_cmd_len=32768
lt_lt_cv_prog_compiler_c_o='"yes"'
lt_lt_cv_prog_compiler_c_o_CXX='"yes"'
lt_lt_cv_prog_compiler_c_o_GCJ='"no"'
lt_lt_cv_sys_global_symbol_pipe='"sed -n -e '\''s/^.*[ 	]\\([ABCDGISTW][ABCDGISTW]*\\)[ 	][ 	]*\\(\\)\\([_A-Za-z][_A-Za-z0-9]*\\)\$/\\1 \\2\\3 \\3/p'\''"'
lt_lt_cv_sys_global_symbol_to_c_name_address='"sed -n -e '\''s/^: \\([^ ]*\\) \$/  {\\\"\\1\\\", (lt_ptr) 0},/p'\'' -e '\''s/^[BCDEGRST] \\([^ ]*\\) \\([^ ]*\\)\$/  {\"\\2\", (lt_ptr) \\&\\2},/p'\''"'
lt_lt_cv_sys_global_symbol_to_cdecl='"sed -n -e '\''s/^. .* \\(.*\\)\$/extern int \\1;/p'\''"'

## ----------- ##
## confdefs.h. ##
## ----------- ##

#define PACKAGE_NAME ""
#define PACKAGE_TARNAME ""
#define PACKAGE_VERSION ""
#define PACKAGE_STRING ""
#define PACKAGE_BUGREPORT ""
#define PACKAGE "kerp"
#define VERSION "0.1"
#define KDELIBSUFF ""
#define STDC_HEADERS 1
#define HAVE_SYS_TYPES_H 1
#define HAVE_SYS_STAT_H 1
#define HAVE_STDLIB_H 1
#define HAVE_STRING_H 1
#define HAVE_MEMORY_H 1
#define HAVE_STRINGS_H 1
#define HAVE_INTTYPES_H 1
#define HAVE_STDINT_H 1
#define HAVE_UNISTD_H 1
#define HAVE_DLFCN_H 1
#define HAVE_CRYPT 1
#define ksize_t socklen_t
#define HAVE_SYS_TYPES_H 1
#define HAVE_STDINT_H 1
#define HAVE_RES_INIT 1
#define HAVE_RES_INIT 1
#define SIZEOF_INT 4
#define SIZEOF_LONG 4
#define SIZEOF_CHAR_P 4
#define SIZEOF_SIZE_T 4
#define SIZEOF_UNSIGNED_LONG 4
#define HAVE_VSNPRINTF 1
#define HAVE_SNPRINTF 1
#define HAVE_LIBZ 1
#define HAVE_LIBPNG 1
#define HAVE_LIBJPEG 1
#define HAVE_LIBPTHREAD 1
#define KDEMAXPATHLEN 4096  

configure: exit 0
